app/build/intermediates/manifest_merge_blame_file/release/manifest-merger-blame-release-report.txt
1<?xml version="1.0" encoding="utf-8"?>
2<manifest xmlns:android="http://schemas.android.com/apk/res/android"
3    package="com.app.utilities"
4    android:versionCode="4"
5    android:versionName="4.0" >
6
7    <uses-sdk
7-->src\main\AndroidManifest.xml:6:5-10:55
8        android:maxSdkVersion="30"
8-->src\main\AndroidManifest.xml:7:9-35
9        android:minSdkVersion="16"
9-->src\main\AndroidManifest.xml:8:9-35
10        android:targetSdkVersion="30" />
10-->src\main\AndroidManifest.xml:9:9-38
11
12    <uses-permission android:name="android.permission.ACCESS_FINE_LOCATION" />
12-->src\main\AndroidManifest.xml:12:5-79
12-->src\main\AndroidManifest.xml:12:22-76
13    <uses-permission android:name="android.permission.ACCESS_COARSE_LOCATION" />
13-->src\main\AndroidManifest.xml:13:5-81
13-->src\main\AndroidManifest.xml:13:22-78
14
15    <application
15-->src\main\AndroidManifest.xml:15:5-80:19
16        android:allowBackup="true"
16-->src\main\AndroidManifest.xml:16:9-35
17        android:appComponentFactory="androidx.core.app.CoreComponentFactory"
17-->[androidx.core:core:1.5.0] AndroidManifest.xml:24:18-86
18        android:configChanges="uiMode"
18-->src\main\AndroidManifest.xml:17:9-39
19        android:fullBackupContent="@xml/backup_descriptor"
19-->src\main\AndroidManifest.xml:18:9-59
20        android:icon="@drawable/utilities"
20-->src\main\AndroidManifest.xml:19:9-43
21        android:label="@string/app_name"
21-->src\main\AndroidManifest.xml:20:9-41
22        android:roundIcon="@drawable/utilities"
22-->src\main\AndroidManifest.xml:21:9-48
23        android:screenOrientation="portrait"
23-->src\main\AndroidManifest.xml:22:9-45
24        android:supportsRtl="true"
24-->src\main\AndroidManifest.xml:23:9-35
25        android:theme="@style/LightTheme" >
25-->src\main\AndroidManifest.xml:24:9-42
26        <activity
26-->src\main\AndroidManifest.xml:25:9-31:56
27            android:name="com.app.utilities.InfoActivity"
27-->src\main\AndroidManifest.xml:26:13-41
28            android:configChanges="uiMode"
28-->src\main\AndroidManifest.xml:27:13-43
29            android:label="@string/infoActivity"
29-->src\main\AndroidManifest.xml:28:13-49
30            android:screenOrientation="portrait"
30-->src\main\AndroidManifest.xml:29:13-49
31            android:theme="@style/LightTheme" />
31-->src\main\AndroidManifest.xml:30:13-46
32        <activity
32-->src\main\AndroidManifest.xml:32:9-38:56
33            android:name="com.app.utilities.SettingsActivity"
33-->src\main\AndroidManifest.xml:33:13-45
34            android:configChanges="uiMode"
34-->src\main\AndroidManifest.xml:34:13-43
35            android:label="@string/settingsActivity"
35-->src\main\AndroidManifest.xml:35:13-53
36            android:screenOrientation="portrait"
36-->src\main\AndroidManifest.xml:36:13-49
37            android:theme="@style/LightTheme" />
37-->src\main\AndroidManifest.xml:37:13-46
38        <activity
38-->src\main\AndroidManifest.xml:39:9-45:56
39            android:name="com.app.utilities.utilitiesActivity.LivellaActivity"
39-->src\main\AndroidManifest.xml:40:13-62
40            android:configChanges="uiMode"
40-->src\main\AndroidManifest.xml:41:13-43
41            android:label="@string/livellaActivity"
41-->src\main\AndroidManifest.xml:42:13-52
42            android:screenOrientation="portrait"
42-->src\main\AndroidManifest.xml:43:13-49
43            android:theme="@style/LightTheme" />
43-->src\main\AndroidManifest.xml:44:13-46
44        <activity
44-->src\main\AndroidManifest.xml:46:9-52:56
45            android:name="com.app.utilities.utilitiesActivity.BussolaActivity"
45-->src\main\AndroidManifest.xml:47:13-62
46            android:configChanges="uiMode"
46-->src\main\AndroidManifest.xml:48:13-43
47            android:label="@string/bussolaActivity"
47-->src\main\AndroidManifest.xml:49:13-52
48            android:screenOrientation="portrait"
48-->src\main\AndroidManifest.xml:50:13-49
49            android:theme="@style/LightTheme" />
49-->src\main\AndroidManifest.xml:51:13-46
50        <activity
50-->src\main\AndroidManifest.xml:53:9-59:56
51            android:name="com.app.utilities.utilitiesActivity.DadoActivity"
51-->src\main\AndroidManifest.xml:54:13-59
52            android:configChanges="uiMode"
52-->src\main\AndroidManifest.xml:55:13-43
53            android:label="@string/dadoActivity"
53-->src\main\AndroidManifest.xml:56:13-49
54            android:screenOrientation="portrait"
54-->src\main\AndroidManifest.xml:57:13-49
55            android:theme="@style/LightTheme" />
55-->src\main\AndroidManifest.xml:58:13-46
56        <activity
56-->src\main\AndroidManifest.xml:60:9-66:56
57            android:name="com.app.utilities.utilitiesActivity.SCFActivity"
57-->src\main\AndroidManifest.xml:61:13-58
58            android:configChanges="uiMode"
58-->src\main\AndroidManifest.xml:62:13-43
59            android:label="@string/_SCFActivity"
59-->src\main\AndroidManifest.xml:63:13-49
60            android:screenOrientation="portrait"
60-->src\main\AndroidManifest.xml:64:13-49
61            android:theme="@style/LightTheme" />
61-->src\main\AndroidManifest.xml:65:13-46
62        <activity
62-->src\main\AndroidManifest.xml:67:9-79:20
63            android:name="com.app.utilities.MainActivity"
63-->src\main\AndroidManifest.xml:68:13-41
64            android:configChanges="uiMode"
64-->src\main\AndroidManifest.xml:69:13-43
65            android:exported="true"
65-->src\main\AndroidManifest.xml:70:13-36
66            android:label="@string/app_name"
66-->src\main\AndroidManifest.xml:71:13-45
67            android:screenOrientation="portrait"
67-->src\main\AndroidManifest.xml:72:13-49
68            android:theme="@style/LightTheme" >
68-->src\main\AndroidManifest.xml:73:13-46
69            <intent-filter>
69-->src\main\AndroidManifest.xml:75:13-78:29
70                <action android:name="android.intent.action.MAIN" />
70-->src\main\AndroidManifest.xml:76:17-69
70-->src\main\AndroidManifest.xml:76:25-66
71
72                <category android:name="android.intent.category.LAUNCHER" />
72-->src\main\AndroidManifest.xml:77:17-77
72-->src\main\AndroidManifest.xml:77:27-74
73            </intent-filter>
74        </activity>
75    </application>
76
77</manifest>